
Start-Date: 2024-10-07  17:09:32
Commandline: apt-get install --reinstall apt
Reinstall: apt:arm64 (2.9.8)
End-Date: 2024-10-07  17:09:33

Start-Date: 2024-10-07  17:09:36
Commandline: apt-get install --reinstall base-files
Reinstall: base-files:arm64 (13.3ubuntu6)
End-Date: 2024-10-07  17:09:37

Start-Date: 2024-10-07  17:09:40
Commandline: apt-get install --reinstall base-passwd
Reinstall: base-passwd:arm64 (3.6.4)
End-Date: 2024-10-07  17:09:41

Start-Date: 2024-10-07  17:09:44
Commandline: apt-get install --reinstall bash
Reinstall: bash:arm64 (5.2.32-1ubuntu1)
End-Date: 2024-10-07  17:09:45

Start-Date: 2024-10-07  17:09:48
Commandline: apt-get install --reinstall bsdutils
Reinstall: bsdutils:arm64 (1:2.40.2-1ubuntu1)
End-Date: 2024-10-07  17:09:49

Start-Date: 2024-10-07  17:09:52
Commandline: apt-get install --reinstall coreutils
Reinstall: coreutils:arm64 (9.4-3.1ubuntu1)
End-Date: 2024-10-07  17:09:54

Start-Date: 2024-10-07  17:09:57
Commandline: apt-get install --reinstall dash
Reinstall: dash:arm64 (0.5.12-9ubuntu1)
End-Date: 2024-10-07  17:09:58

Start-Date: 2024-10-07  17:10:00
Commandline: apt-get install --reinstall debconf
Reinstall: debconf:arm64 (1.5.86ubuntu1)
End-Date: 2024-10-07  17:10:02

Start-Date: 2024-10-07  17:10:04
Commandline: apt-get install --reinstall debianutils
Reinstall: debianutils:arm64 (5.20)
End-Date: 2024-10-07  17:10:05

Start-Date: 2024-10-07  17:10:08
Commandline: apt-get install --reinstall diffutils
Reinstall: diffutils:arm64 (1:3.10-1build1)
End-Date: 2024-10-07  17:10:09

Start-Date: 2024-10-07  17:10:12
Commandline: apt-get install --reinstall dpkg
Reinstall: dpkg:arm64 (1.22.11ubuntu1)
End-Date: 2024-10-07  17:10:14

Start-Date: 2024-10-07  17:10:17
Commandline: apt-get install --reinstall e2fsprogs
Reinstall: e2fsprogs:arm64 (1.47.1-1ubuntu1)
End-Date: 2024-10-07  17:10:18

Start-Date: 2024-10-07  17:10:21
Commandline: apt-get install --reinstall findutils
Reinstall: findutils:arm64 (4.10.0-3)
End-Date: 2024-10-07  17:10:22

Start-Date: 2024-10-07  17:10:24
Commandline: apt-get install --reinstall gcc-14-base:arm64
Reinstall: gcc-14-base:arm64 (14.2.0-4ubuntu2)
End-Date: 2024-10-07  17:10:25

Start-Date: 2024-10-07  17:10:28
Commandline: apt-get install --reinstall gpgv
Reinstall: gpgv:arm64 (2.4.4-2ubuntu18)
End-Date: 2024-10-07  17:10:29

Start-Date: 2024-10-07  17:10:32
Commandline: apt-get install --reinstall grep
Reinstall: grep:arm64 (3.11-4build1)
End-Date: 2024-10-07  17:10:33

Start-Date: 2024-10-07  17:10:35
Commandline: apt-get install --reinstall gzip
Reinstall: gzip:arm64 (1.12-1.1ubuntu1)
End-Date: 2024-10-07  17:10:36

Start-Date: 2024-10-07  17:10:39
Commandline: apt-get install --reinstall hostname
Reinstall: hostname:arm64 (3.23+nmu2ubuntu2)
End-Date: 2024-10-07  17:10:40

Start-Date: 2024-10-07  17:10:42
Commandline: apt-get install --reinstall init-system-helpers
Reinstall: init-system-helpers:arm64 (1.66ubuntu1)
End-Date: 2024-10-07  17:10:43

Start-Date: 2024-10-07  17:10:46
Commandline: apt-get install --reinstall libacl1:arm64
Reinstall: libacl1:arm64 (2.3.2-2)
End-Date: 2024-10-07  17:10:47

Start-Date: 2024-10-07  17:10:50
Commandline: apt-get install --reinstall libapt-pkg6.0t64:arm64
Reinstall: libapt-pkg6.0t64:arm64 (2.9.8)
End-Date: 2024-10-07  17:10:51

Start-Date: 2024-10-07  17:10:54
Commandline: apt-get install --reinstall libassuan0:arm64
Reinstall: libassuan0:arm64 (2.5.6-1build1)
End-Date: 2024-10-07  17:10:55

Start-Date: 2024-10-07  17:10:57
Commandline: apt-get install --reinstall libattr1:arm64
Reinstall: libattr1:arm64 (1:2.5.2-1build2)
End-Date: 2024-10-07  17:10:58

Start-Date: 2024-10-07  17:11:01
Commandline: apt-get install --reinstall libaudit-common
Reinstall: libaudit-common:arm64 (1:4.0.1-1ubuntu2)
End-Date: 2024-10-07  17:11:02

Start-Date: 2024-10-07  17:11:04
Commandline: apt-get install --reinstall libaudit1:arm64
Reinstall: libaudit1:arm64 (1:4.0.1-1ubuntu2)
End-Date: 2024-10-07  17:11:06

Start-Date: 2024-10-07  17:11:08
Commandline: apt-get install --reinstall libblkid1:arm64
Reinstall: libblkid1:arm64 (2.40.2-1ubuntu1)
End-Date: 2024-10-07  17:11:09

Start-Date: 2024-10-07  17:11:12
Commandline: apt-get install --reinstall libbsd0:arm64
Reinstall: libbsd0:arm64 (0.12.2-1)
End-Date: 2024-10-07  17:11:13

Start-Date: 2024-10-07  17:11:15
Commandline: apt-get install --reinstall libbz2-1.0:arm64
Reinstall: libbz2-1.0:arm64 (1.0.8-6)
End-Date: 2024-10-07  17:11:16

Start-Date: 2024-10-07  17:11:19
Commandline: apt-get install --reinstall libc-bin
Reinstall: libc-bin:arm64 (2.40-1ubuntu3)
End-Date: 2024-10-07  17:11:20

Start-Date: 2024-10-07  17:11:24
Commandline: apt-get install --reinstall libc6:arm64
Reinstall: libc6:arm64 (2.40-1ubuntu3)
End-Date: 2024-10-07  17:11:26

Start-Date: 2024-10-07  17:11:28
Commandline: apt-get install --reinstall libcap-ng0:arm64
Reinstall: libcap-ng0:arm64 (0.8.5-1)
End-Date: 2024-10-07  17:11:29

Start-Date: 2024-10-07  17:11:31
Commandline: apt-get install --reinstall libcap2:arm64
Reinstall: libcap2:arm64 (1:2.66-5ubuntu3)
End-Date: 2024-10-07  17:11:33

Start-Date: 2024-10-07  17:11:35
Commandline: apt-get install --reinstall libcom-err2:arm64
Reinstall: libcom-err2:arm64 (1.47.1-1ubuntu1)
End-Date: 2024-10-07  17:11:36

Start-Date: 2024-10-07  17:11:38
Commandline: apt-get install --reinstall libcrypt1:arm64
Reinstall: libcrypt1:arm64 (1:4.4.36-4build1)
End-Date: 2024-10-07  17:11:40

Start-Date: 2024-10-07  17:11:42
Commandline: apt-get install --reinstall libdb5.3t64:arm64
Reinstall: libdb5.3t64:arm64 (5.3.28+dfsg2-7)
End-Date: 2024-10-07  17:11:44

Start-Date: 2024-10-07  17:11:46
Commandline: apt-get install --reinstall libdebconfclient0:arm64
Reinstall: libdebconfclient0:arm64 (0.272ubuntu1)
End-Date: 2024-10-07  17:11:47

Start-Date: 2024-10-07  17:11:50
Commandline: apt-get install --reinstall libext2fs2t64:arm64
Reinstall: libext2fs2t64:arm64 (1.47.1-1ubuntu1)
End-Date: 2024-10-07  17:11:51

Start-Date: 2024-10-07  17:11:53
Commandline: apt-get install --reinstall libffi8:arm64
Reinstall: libffi8:arm64 (3.4.6-1build1)
End-Date: 2024-10-07  17:11:54

Start-Date: 2024-10-07  17:11:57
Commandline: apt-get install --reinstall libgcc-s1:arm64
Reinstall: libgcc-s1:arm64 (14.2.0-4ubuntu2)
End-Date: 2024-10-07  17:11:58

Start-Date: 2024-10-07  17:12:01
Commandline: apt-get install --reinstall libgcrypt20:arm64
Reinstall: libgcrypt20:arm64 (1.11.0-6ubuntu1)
End-Date: 2024-10-07  17:12:02

Start-Date: 2024-10-07  17:12:05
Commandline: apt-get install --reinstall libgmp10:arm64
Reinstall: libgmp10:arm64 (2:6.3.0+dfsg-2ubuntu7)
End-Date: 2024-10-07  17:12:06

Start-Date: 2024-10-07  17:12:09
Commandline: apt-get install --reinstall libgnutls30t64:arm64
Reinstall: libgnutls30t64:arm64 (3.8.6-2ubuntu1)
End-Date: 2024-10-07  17:12:10

Start-Date: 2024-10-07  17:12:13
Commandline: apt-get install --reinstall libgpg-error0:arm64
Reinstall: libgpg-error0:arm64 (1.50-4)
End-Date: 2024-10-07  17:12:14

Start-Date: 2024-10-07  17:12:16
Commandline: apt-get install --reinstall libhogweed6t64:arm64
Reinstall: libhogweed6t64:arm64 (3.10-1)
End-Date: 2024-10-07  17:12:18

Start-Date: 2024-10-07  17:12:20
Commandline: apt-get install --reinstall libidn2-0:arm64
Reinstall: libidn2-0:arm64 (2.3.7-2build2)
End-Date: 2024-10-07  17:12:21

Start-Date: 2024-10-07  17:12:24
Commandline: apt-get install --reinstall liblz4-1:arm64
Reinstall: liblz4-1:arm64 (1.9.4-3)
End-Date: 2024-10-07  17:12:25

Start-Date: 2024-10-07  17:12:28
Commandline: apt-get install --reinstall liblzma5:arm64
Reinstall: liblzma5:arm64 (5.6.2-2)
End-Date: 2024-10-07  17:12:29

Start-Date: 2024-10-07  17:12:31
Commandline: apt-get install --reinstall libmd0:arm64
Reinstall: libmd0:arm64 (1.1.0-2build2)
End-Date: 2024-10-07  17:12:32

Start-Date: 2024-10-07  17:12:35
Commandline: apt-get install --reinstall libmount1:arm64
Reinstall: libmount1:arm64 (2.40.2-1ubuntu1)
End-Date: 2024-10-07  17:12:36

Start-Date: 2024-10-07  17:12:39
Commandline: apt-get install --reinstall libncursesw6:arm64
Reinstall: libncursesw6:arm64 (6.5-2)
End-Date: 2024-10-07  17:12:40

Start-Date: 2024-10-07  17:12:42
Commandline: apt-get install --reinstall libnettle8t64:arm64
Reinstall: libnettle8t64:arm64 (3.10-1)
End-Date: 2024-10-07  17:12:43

Start-Date: 2024-10-07  17:12:46
Commandline: apt-get install --reinstall libnpth0t64:arm64
Reinstall: libnpth0t64:arm64 (1.6-3.1build1)
End-Date: 2024-10-07  17:12:47

Start-Date: 2024-10-07  17:12:49
Commandline: apt-get install --reinstall libp11-kit0:arm64
Reinstall: libp11-kit0:arm64 (0.25.5-2ubuntu1)
End-Date: 2024-10-07  17:12:51

Start-Date: 2024-10-07  17:12:53
Commandline: apt-get install --reinstall libpam-modules:arm64
Reinstall: libpam-modules:arm64 (1.5.3-7ubuntu2)
End-Date: 2024-10-07  17:12:55

Start-Date: 2024-10-07  17:12:57
Commandline: apt-get install --reinstall libpam-modules-bin
Reinstall: libpam-modules-bin:arm64 (1.5.3-7ubuntu2)
End-Date: 2024-10-07  17:12:58

Start-Date: 2024-10-07  17:13:01
Commandline: apt-get install --reinstall libpam-runtime
Reinstall: libpam-runtime:arm64 (1.5.3-7ubuntu2)
End-Date: 2024-10-07  17:13:02

Start-Date: 2024-10-07  17:13:04
Commandline: apt-get install --reinstall libpam0g:arm64
Reinstall: libpam0g:arm64 (1.5.3-7ubuntu2)
End-Date: 2024-10-07  17:13:06

Start-Date: 2024-10-07  17:13:08
Commandline: apt-get install --reinstall libpcre2-8-0:arm64
Reinstall: libpcre2-8-0:arm64 (10.42-4ubuntu3)
End-Date: 2024-10-07  17:13:09

Start-Date: 2024-10-07  17:13:12
Commandline: apt-get install --reinstall libproc2-0:arm64
Reinstall: libproc2-0:arm64 (2:4.0.4-4ubuntu5)
End-Date: 2024-10-07  17:13:13

Start-Date: 2024-10-07  17:13:15
Commandline: apt-get install --reinstall libseccomp2:arm64
Reinstall: libseccomp2:arm64 (2.5.5-1ubuntu4)
End-Date: 2024-10-07  17:13:16

Start-Date: 2024-10-07  17:13:19
Commandline: apt-get install --reinstall libselinux1:arm64
Reinstall: libselinux1:arm64 (3.5-2ubuntu5)
End-Date: 2024-10-07  17:13:20

Start-Date: 2024-10-07  17:13:22
Commandline: apt-get install --reinstall libsemanage-common
Reinstall: libsemanage-common:arm64 (3.5-1build6)
End-Date: 2024-10-07  17:13:23

Start-Date: 2024-10-07  17:13:26
Commandline: apt-get install --reinstall libsemanage2:arm64
Reinstall: libsemanage2:arm64 (3.5-1build6)
End-Date: 2024-10-07  17:13:27

Start-Date: 2024-10-07  17:13:29
Commandline: apt-get install --reinstall libsepol2:arm64
Reinstall: libsepol2:arm64 (3.7-1)
End-Date: 2024-10-07  17:13:30

Start-Date: 2024-10-07  17:13:33
Commandline: apt-get install --reinstall libsmartcols1:arm64
Reinstall: libsmartcols1:arm64 (2.40.2-1ubuntu1)
End-Date: 2024-10-07  17:13:34

Start-Date: 2024-10-07  17:13:36
Commandline: apt-get install --reinstall libss2:arm64
Reinstall: libss2:arm64 (1.47.1-1ubuntu1)
End-Date: 2024-10-07  17:13:37

Start-Date: 2024-10-07  17:13:41
Commandline: apt-get install --reinstall libssl3t64:arm64
Reinstall: libssl3t64:arm64 (3.3.1-2ubuntu2)
End-Date: 2024-10-07  17:13:42

Start-Date: 2024-10-07  17:13:45
Commandline: apt-get install --reinstall libstdc++6:arm64
Reinstall: libstdc++6:arm64 (14.2.0-4ubuntu2)
End-Date: 2024-10-07  17:13:46

Start-Date: 2024-10-07  17:13:49
Commandline: apt-get install --reinstall libsystemd0:arm64
Reinstall: libsystemd0:arm64 (256.5-2ubuntu3)
End-Date: 2024-10-07  17:13:50

Start-Date: 2024-10-07  17:13:52
Commandline: apt-get install --reinstall libtasn1-6:arm64
Reinstall: libtasn1-6:arm64 (4.19.0-3build1)
End-Date: 2024-10-07  17:13:54

Start-Date: 2024-10-07  17:13:56
Commandline: apt-get install --reinstall libtinfo6:arm64
Reinstall: libtinfo6:arm64 (6.5-2)
End-Date: 2024-10-07  17:13:57

Start-Date: 2024-10-07  17:14:00
Commandline: apt-get install --reinstall libudev1:arm64
Reinstall: libudev1:arm64 (256.5-2ubuntu3)
End-Date: 2024-10-07  17:14:01

Start-Date: 2024-10-07  17:14:04
Commandline: apt-get install --reinstall libunistring5:arm64
Reinstall: libunistring5:arm64 (1.2-1)
End-Date: 2024-10-07  17:14:05

Start-Date: 2024-10-07  17:14:07
Commandline: apt-get install --reinstall libuuid1:arm64
Reinstall: libuuid1:arm64 (2.40.2-1ubuntu1)
End-Date: 2024-10-07  17:14:08

Start-Date: 2024-10-07  17:14:11
Commandline: apt-get install --reinstall libxxhash0:arm64
Reinstall: libxxhash0:arm64 (0.8.2-2build1)
End-Date: 2024-10-07  17:14:12

Start-Date: 2024-10-07  17:14:15
Commandline: apt-get install --reinstall libzstd1:arm64
Reinstall: libzstd1:arm64 (1.5.6+dfsg-1)
End-Date: 2024-10-07  17:14:16

Start-Date: 2024-10-07  17:14:18
Commandline: apt-get install --reinstall login
Reinstall: login:arm64 (1:4.15.3-3ubuntu2)
End-Date: 2024-10-07  17:14:19

Start-Date: 2024-10-07  17:14:22
Commandline: apt-get install --reinstall logsave
Reinstall: logsave:arm64 (1.47.1-1ubuntu1)
End-Date: 2024-10-07  17:14:23

Start-Date: 2024-10-07  17:14:25
Commandline: apt-get install --reinstall mawk
Reinstall: mawk:arm64 (1.3.4.20240622-2)
End-Date: 2024-10-07  17:14:26

Start-Date: 2024-10-07  17:14:29
Commandline: apt-get install --reinstall mount
Reinstall: mount:arm64 (2.40.2-1ubuntu1)
End-Date: 2024-10-07  17:14:30

Start-Date: 2024-10-07  17:14:32
Commandline: apt-get install --reinstall ncurses-base
Reinstall: ncurses-base:arm64 (6.5-2)
End-Date: 2024-10-07  17:14:33

Start-Date: 2024-10-07  17:14:36
Commandline: apt-get install --reinstall ncurses-bin
Reinstall: ncurses-bin:arm64 (6.5-2)
End-Date: 2024-10-07  17:14:37

Start-Date: 2024-10-07  17:14:40
Commandline: apt-get install --reinstall passwd
Reinstall: passwd:arm64 (1:4.15.3-3ubuntu2)
End-Date: 2024-10-07  17:14:41

Start-Date: 2024-10-07  17:14:44
Commandline: apt-get install --reinstall perl-base
Reinstall: perl-base:arm64 (5.38.2-5)
End-Date: 2024-10-07  17:14:45

Start-Date: 2024-10-07  17:14:48
Commandline: apt-get install --reinstall procps
Reinstall: procps:arm64 (2:4.0.4-4ubuntu5)
End-Date: 2024-10-07  17:14:49

Start-Date: 2024-10-07  17:14:52
Commandline: apt-get install --reinstall sed
Reinstall: sed:arm64 (4.9-2build1)
End-Date: 2024-10-07  17:14:53

Start-Date: 2024-10-07  17:14:55
Commandline: apt-get install --reinstall sensible-utils
Reinstall: sensible-utils:arm64 (0.0.24)
End-Date: 2024-10-07  17:14:56

Start-Date: 2024-10-07  17:14:59
Commandline: apt-get install --reinstall sysvinit-utils
Reinstall: sysvinit-utils:arm64 (3.08-6ubuntu3)
End-Date: 2024-10-07  17:15:00

Start-Date: 2024-10-07  17:15:02
Commandline: apt-get install --reinstall tar
Reinstall: tar:arm64 (1.35+dfsg-3build1)
End-Date: 2024-10-07  17:15:04

Start-Date: 2024-10-07  17:15:06
Commandline: apt-get install --reinstall ubuntu-keyring
Reinstall: ubuntu-keyring:arm64 (2023.11.28.1)
End-Date: 2024-10-07  17:15:07

Start-Date: 2024-10-07  17:15:10
Commandline: apt-get install --reinstall util-linux
Reinstall: util-linux:arm64 (2.40.2-1ubuntu1)
End-Date: 2024-10-07  17:15:12

Start-Date: 2024-10-07  17:15:14
Commandline: apt-get install --reinstall zlib1g:arm64
Reinstall: zlib1g:arm64 (1:1.3.dfsg+really1.3.1-1ubuntu1)
End-Date: 2024-10-07  17:15:15
