2024-10-07 17:08:39 URL:http://ftpmaster.internal/ubuntu/dists/oracular/InRelease [265147/265147] -> "/build/chroot/var/lib/apt/lists/partial/ftpmaster.internal_ubuntu_dists_oracular_InRelease" [1]
gpgv: Signature made Mon Oct  7 16:49:30 2024 UTC
gpgv:                using RSA key F6ECB3762474EDA9D21B7022871920D1991BC93C
gpgv: Good signature from "Ubuntu Archive Automatic Signing Key (2018) <ftpmaster@ubuntu.com>"
2024-10-07 17:08:40 URL:http://ftpmaster.internal/ubuntu/dists/oracular/main/binary-arm64/by-hash/SHA256/c1151f465f4cdd247934d420e8433f60a30afa9d999835c9f734ee0c4f40574b [1410804/1410804] -> "/build/chroot/var/lib/apt/lists/partial/ftpmaster.internal_ubuntu_dists_oracular_main_binary-arm64_Packages.xz" [1]
2024-10-07 17:08:41 URL:http://ftpmaster.internal/ubuntu/dists/oracular/restricted/binary-arm64/by-hash/SHA256/e4979f5c16e5f1802492643458d3f7cb702a617d43e3d8c8b959c90f9c4f1a38 [75020/75020] -> "/build/chroot/var/lib/apt/lists/partial/ftpmaster.internal_ubuntu_dists_oracular_restricted_binary-arm64_Packages.xz" [1]
2024-10-07 17:08:42 URL:http://ftpmaster.internal/ubuntu/pool/main/a/apt/apt_2.9.8_arm64.deb [1369726/1369726] -> "/build/chroot//var/cache/apt/archives/partial/apt_2.9.8_arm64.deb" [1]
2024-10-07 17:08:42 URL:http://ftpmaster.internal/ubuntu/pool/main/b/base-files/base-files_13.3ubuntu6_arm64.deb [68842/68842] -> "/build/chroot//var/cache/apt/archives/partial/base-files_13.3ubuntu6_arm64.deb" [1]
2024-10-07 17:08:43 URL:http://ftpmaster.internal/ubuntu/pool/main/b/base-passwd/base-passwd_3.6.4_arm64.deb [51196/51196] -> "/build/chroot//var/cache/apt/archives/partial/base-passwd_3.6.4_arm64.deb" [1]
2024-10-07 17:08:43 URL:http://ftpmaster.internal/ubuntu/pool/main/b/bash/bash_5.2.32-1ubuntu1_arm64.deb [790052/790052] -> "/build/chroot//var/cache/apt/archives/partial/bash_5.2.32-1ubuntu1_arm64.deb" [1]
2024-10-07 17:08:44 URL:http://ftpmaster.internal/ubuntu/pool/main/u/util-linux/bsdutils_2.40.2-1ubuntu1_arm64.deb [101724/101724] -> "/build/chroot//var/cache/apt/archives/partial/bsdutils_1%3a2.40.2-1ubuntu1_arm64.deb" [1]
2024-10-07 17:08:44 URL:http://ftpmaster.internal/ubuntu/pool/main/c/coreutils/coreutils_9.4-3.1ubuntu1_arm64.deb [1385030/1385030] -> "/build/chroot//var/cache/apt/archives/partial/coreutils_9.4-3.1ubuntu1_arm64.deb" [1]
2024-10-07 17:08:44 URL:http://ftpmaster.internal/ubuntu/pool/main/d/dash/dash_0.5.12-9ubuntu1_arm64.deb [90838/90838] -> "/build/chroot//var/cache/apt/archives/partial/dash_0.5.12-9ubuntu1_arm64.deb" [1]
2024-10-07 17:08:45 URL:http://ftpmaster.internal/ubuntu/pool/main/d/debconf/debconf_1.5.86ubuntu1_all.deb [124096/124096] -> "/build/chroot//var/cache/apt/archives/partial/debconf_1.5.86ubuntu1_all.deb" [1]
2024-10-07 17:08:45 URL:http://ftpmaster.internal/ubuntu/pool/main/d/debianutils/debianutils_5.20_arm64.deb [90450/90450] -> "/build/chroot//var/cache/apt/archives/partial/debianutils_5.20_arm64.deb" [1]
2024-10-07 17:08:45 URL:http://ftpmaster.internal/ubuntu/pool/main/d/diffutils/diffutils_3.10-1build1_arm64.deb [174546/174546] -> "/build/chroot//var/cache/apt/archives/partial/diffutils_1%3a3.10-1build1_arm64.deb" [1]
2024-10-07 17:08:46 URL:http://ftpmaster.internal/ubuntu/pool/main/d/dpkg/dpkg_1.22.11ubuntu1_arm64.deb [1280996/1280996] -> "/build/chroot//var/cache/apt/archives/partial/dpkg_1.22.11ubuntu1_arm64.deb" [1]
2024-10-07 17:08:46 URL:http://ftpmaster.internal/ubuntu/pool/main/e/e2fsprogs/e2fsprogs_1.47.1-1ubuntu1_arm64.deb [602670/602670] -> "/build/chroot//var/cache/apt/archives/partial/e2fsprogs_1.47.1-1ubuntu1_arm64.deb" [1]
2024-10-07 17:08:47 URL:http://ftpmaster.internal/ubuntu/pool/main/f/findutils/findutils_4.10.0-3_arm64.deb [310448/310448] -> "/build/chroot//var/cache/apt/archives/partial/findutils_4.10.0-3_arm64.deb" [1]
2024-10-07 17:08:47 URL:http://ftpmaster.internal/ubuntu/pool/main/g/gcc-14/gcc-14-base_14.2.0-4ubuntu2_arm64.deb [50786/50786] -> "/build/chroot//var/cache/apt/archives/partial/gcc-14-base_14.2.0-4ubuntu2_arm64.deb" [1]
2024-10-07 17:08:48 URL:http://ftpmaster.internal/ubuntu/pool/main/g/gnupg2/gpgv_2.4.4-2ubuntu18_arm64.deb [152546/152546] -> "/build/chroot//var/cache/apt/archives/partial/gpgv_2.4.4-2ubuntu18_arm64.deb" [1]
2024-10-07 17:08:48 URL:http://ftpmaster.internal/ubuntu/pool/main/g/grep/grep_3.11-4build1_arm64.deb [158728/158728] -> "/build/chroot//var/cache/apt/archives/partial/grep_3.11-4build1_arm64.deb" [1]
2024-10-07 17:08:48 URL:http://ftpmaster.internal/ubuntu/pool/main/g/gzip/gzip_1.12-1.1ubuntu1_arm64.deb [97948/97948] -> "/build/chroot//var/cache/apt/archives/partial/gzip_1.12-1.1ubuntu1_arm64.deb" [1]
2024-10-07 17:08:48 URL:http://ftpmaster.internal/ubuntu/pool/main/h/hostname/hostname_3.23+nmu2ubuntu2_arm64.deb [10990/10990] -> "/build/chroot//var/cache/apt/archives/partial/hostname_3.23+nmu2ubuntu2_arm64.deb" [1]
2024-10-07 17:08:49 URL:http://ftpmaster.internal/ubuntu/pool/main/i/init-system-helpers/init-system-helpers_1.66ubuntu1_all.deb [39402/39402] -> "/build/chroot//var/cache/apt/archives/partial/init-system-helpers_1.66ubuntu1_all.deb" [1]
2024-10-07 17:08:49 URL:http://ftpmaster.internal/ubuntu/pool/main/a/acl/libacl1_2.3.2-2_arm64.deb [17090/17090] -> "/build/chroot//var/cache/apt/archives/partial/libacl1_2.3.2-2_arm64.deb" [1]
2024-10-07 17:08:49 URL:http://ftpmaster.internal/ubuntu/pool/main/a/apt/libapt-pkg6.0t64_2.9.8_arm64.deb [991618/991618] -> "/build/chroot//var/cache/apt/archives/partial/libapt-pkg6.0t64_2.9.8_arm64.deb" [1]
2024-10-07 17:08:50 URL:http://ftpmaster.internal/ubuntu/pool/main/liba/libassuan/libassuan0_2.5.6-1build1_arm64.deb [36750/36750] -> "/build/chroot//var/cache/apt/archives/partial/libassuan0_2.5.6-1build1_arm64.deb" [1]
2024-10-07 17:08:50 URL:http://ftpmaster.internal/ubuntu/pool/main/a/attr/libattr1_2.5.2-1build2_arm64.deb [11298/11298] -> "/build/chroot//var/cache/apt/archives/partial/libattr1_1%3a2.5.2-1build2_arm64.deb" [1]
2024-10-07 17:08:50 URL:http://ftpmaster.internal/ubuntu/pool/main/a/audit/libaudit-common_4.0.1-1ubuntu2_all.deb [6264/6264] -> "/build/chroot//var/cache/apt/archives/partial/libaudit-common_1%3a4.0.1-1ubuntu2_all.deb" [1]
2024-10-07 17:08:50 URL:http://ftpmaster.internal/ubuntu/pool/main/a/audit/libaudit1_4.0.1-1ubuntu2_arm64.deb [53822/53822] -> "/build/chroot//var/cache/apt/archives/partial/libaudit1_1%3a4.0.1-1ubuntu2_arm64.deb" [1]
2024-10-07 17:08:51 URL:http://ftpmaster.internal/ubuntu/pool/main/u/util-linux/libblkid1_2.40.2-1ubuntu1_arm64.deb [127824/127824] -> "/build/chroot//var/cache/apt/archives/partial/libblkid1_2.40.2-1ubuntu1_arm64.deb" [1]
2024-10-07 17:08:51 URL:http://ftpmaster.internal/ubuntu/pool/main/libb/libbsd/libbsd0_0.12.2-1_arm64.deb [40926/40926] -> "/build/chroot//var/cache/apt/archives/partial/libbsd0_0.12.2-1_arm64.deb" [1]
2024-10-07 17:08:51 URL:http://ftpmaster.internal/ubuntu/pool/main/b/bzip2/libbz2-1.0_1.0.8-6_arm64.deb [35512/35512] -> "/build/chroot//var/cache/apt/archives/partial/libbz2-1.0_1.0.8-6_arm64.deb" [1]
2024-10-07 17:08:52 URL:http://ftpmaster.internal/ubuntu/pool/main/g/glibc/libc-bin_2.40-1ubuntu3_arm64.deb [591294/591294] -> "/build/chroot//var/cache/apt/archives/partial/libc-bin_2.40-1ubuntu3_arm64.deb" [1]
2024-10-07 17:08:52 URL:http://ftpmaster.internal/ubuntu/pool/main/g/glibc/libc6_2.40-1ubuntu3_arm64.deb [2872466/2872466] -> "/build/chroot//var/cache/apt/archives/partial/libc6_2.40-1ubuntu3_arm64.deb" [1]
2024-10-07 17:08:52 URL:http://ftpmaster.internal/ubuntu/pool/main/libc/libcap-ng/libcap-ng0_0.8.5-1_arm64.deb [14824/14824] -> "/build/chroot//var/cache/apt/archives/partial/libcap-ng0_0.8.5-1_arm64.deb" [1]
2024-10-07 17:08:53 URL:http://ftpmaster.internal/ubuntu/pool/main/libc/libcap2/libcap2_2.66-5ubuntu3_arm64.deb [30074/30074] -> "/build/chroot//var/cache/apt/archives/partial/libcap2_1%3a2.66-5ubuntu3_arm64.deb" [1]
2024-10-07 17:08:53 URL:http://ftpmaster.internal/ubuntu/pool/main/e/e2fsprogs/libcom-err2_1.47.1-1ubuntu1_arm64.deb [25116/25116] -> "/build/chroot//var/cache/apt/archives/partial/libcom-err2_1.47.1-1ubuntu1_arm64.deb" [1]
2024-10-07 17:08:53 URL:http://ftpmaster.internal/ubuntu/pool/main/libx/libxcrypt/libcrypt1_4.4.36-4build1_arm64.deb [85888/85888] -> "/build/chroot//var/cache/apt/archives/partial/libcrypt1_1%3a4.4.36-4build1_arm64.deb" [1]
2024-10-07 17:08:54 URL:http://ftpmaster.internal/ubuntu/pool/main/d/db5.3/libdb5.3t64_5.3.28+dfsg2-7_arm64.deb [732284/732284] -> "/build/chroot//var/cache/apt/archives/partial/libdb5.3t64_5.3.28+dfsg2-7_arm64.deb" [1]
2024-10-07 17:08:54 URL:http://ftpmaster.internal/ubuntu/pool/main/c/cdebconf/libdebconfclient0_0.272ubuntu1_arm64.deb [11492/11492] -> "/build/chroot//var/cache/apt/archives/partial/libdebconfclient0_0.272ubuntu1_arm64.deb" [1]
2024-10-07 17:08:54 URL:http://ftpmaster.internal/ubuntu/pool/main/e/e2fsprogs/libext2fs2t64_1.47.1-1ubuntu1_arm64.deb [227946/227946] -> "/build/chroot//var/cache/apt/archives/partial/libext2fs2t64_1.47.1-1ubuntu1_arm64.deb" [1]
2024-10-07 17:08:54 URL:http://ftpmaster.internal/ubuntu/pool/main/libf/libffi/libffi8_3.4.6-1build1_arm64.deb [22716/22716] -> "/build/chroot//var/cache/apt/archives/partial/libffi8_3.4.6-1build1_arm64.deb" [1]
2024-10-07 17:08:55 URL:http://ftpmaster.internal/ubuntu/pool/main/g/gcc-14/libgcc-s1_14.2.0-4ubuntu2_arm64.deb [61778/61778] -> "/build/chroot//var/cache/apt/archives/partial/libgcc-s1_14.2.0-4ubuntu2_arm64.deb" [1]
2024-10-07 17:08:55 URL:http://ftpmaster.internal/ubuntu/pool/main/libg/libgcrypt20/libgcrypt20_1.11.0-6ubuntu1_arm64.deb [551082/551082] -> "/build/chroot//var/cache/apt/archives/partial/libgcrypt20_1.11.0-6ubuntu1_arm64.deb" [1]
2024-10-07 17:08:56 URL:http://ftpmaster.internal/ubuntu/pool/main/g/gmp/libgmp10_6.3.0+dfsg-2ubuntu7_arm64.deb [246120/246120] -> "/build/chroot//var/cache/apt/archives/partial/libgmp10_2%3a6.3.0+dfsg-2ubuntu7_arm64.deb" [1]
2024-10-07 17:08:56 URL:http://ftpmaster.internal/ubuntu/pool/main/g/gnutls28/libgnutls30t64_3.8.6-2ubuntu1_arm64.deb [950446/950446] -> "/build/chroot//var/cache/apt/archives/partial/libgnutls30t64_3.8.6-2ubuntu1_arm64.deb" [1]
2024-10-07 17:08:57 URL:http://ftpmaster.internal/ubuntu/pool/main/libg/libgpg-error/libgpg-error0_1.50-4_arm64.deb [75920/75920] -> "/build/chroot//var/cache/apt/archives/partial/libgpg-error0_1.50-4_arm64.deb" [1]
2024-10-07 17:08:57 URL:http://ftpmaster.internal/ubuntu/pool/main/n/nettle/libhogweed6t64_3.10-1_arm64.deb [200176/200176] -> "/build/chroot//var/cache/apt/archives/partial/libhogweed6t64_3.10-1_arm64.deb" [1]
2024-10-07 17:08:57 URL:http://ftpmaster.internal/ubuntu/pool/main/libi/libidn2/libidn2-0_2.3.7-2build2_arm64.deb [66658/66658] -> "/build/chroot//var/cache/apt/archives/partial/libidn2-0_2.3.7-2build2_arm64.deb" [1]
2024-10-07 17:08:57 URL:http://ftpmaster.internal/ubuntu/pool/main/l/lz4/liblz4-1_1.9.4-3_arm64.deb [63972/63972] -> "/build/chroot//var/cache/apt/archives/partial/liblz4-1_1.9.4-3_arm64.deb" [1]
2024-10-07 17:08:58 URL:http://ftpmaster.internal/ubuntu/pool/main/x/xz-utils/liblzma5_5.6.2-2_arm64.deb [135008/135008] -> "/build/chroot//var/cache/apt/archives/partial/liblzma5_5.6.2-2_arm64.deb" [1]
2024-10-07 17:08:58 URL:http://ftpmaster.internal/ubuntu/pool/main/libm/libmd/libmd0_1.1.0-2build2_arm64.deb [25402/25402] -> "/build/chroot//var/cache/apt/archives/partial/libmd0_1.1.0-2build2_arm64.deb" [1]
2024-10-07 17:08:58 URL:http://ftpmaster.internal/ubuntu/pool/main/u/util-linux/libmount1_2.40.2-1ubuntu1_arm64.deb [152290/152290] -> "/build/chroot//var/cache/apt/archives/partial/libmount1_2.40.2-1ubuntu1_arm64.deb" [1]
2024-10-07 17:08:59 URL:http://ftpmaster.internal/ubuntu/pool/main/n/ncurses/libncursesw6_6.5-2_arm64.deb [145382/145382] -> "/build/chroot//var/cache/apt/archives/partial/libncursesw6_6.5-2_arm64.deb" [1]
2024-10-07 17:08:59 URL:http://ftpmaster.internal/ubuntu/pool/main/n/nettle/libnettle8t64_3.10-1_arm64.deb [194020/194020] -> "/build/chroot//var/cache/apt/archives/partial/libnettle8t64_3.10-1_arm64.deb" [1]
2024-10-07 17:08:59 URL:http://ftpmaster.internal/ubuntu/pool/main/n/npth/libnpth0t64_1.6-3.1build1_arm64.deb [8144/8144] -> "/build/chroot//var/cache/apt/archives/partial/libnpth0t64_1.6-3.1build1_arm64.deb" [1]
2024-10-07 17:09:00 URL:http://ftpmaster.internal/ubuntu/pool/main/p/p11-kit/libp11-kit0_0.25.5-2ubuntu1_arm64.deb [273682/273682] -> "/build/chroot//var/cache/apt/archives/partial/libp11-kit0_0.25.5-2ubuntu1_arm64.deb" [1]
2024-10-07 17:09:00 URL:http://ftpmaster.internal/ubuntu/pool/main/p/pam/libpam-modules_1.5.3-7ubuntu2_arm64.deb [284624/284624] -> "/build/chroot//var/cache/apt/archives/partial/libpam-modules_1.5.3-7ubuntu2_arm64.deb" [1]
2024-10-07 17:09:00 URL:http://ftpmaster.internal/ubuntu/pool/main/p/pam/libpam-modules-bin_1.5.3-7ubuntu2_arm64.deb [50376/50376] -> "/build/chroot//var/cache/apt/archives/partial/libpam-modules-bin_1.5.3-7ubuntu2_arm64.deb" [1]
2024-10-07 17:09:01 URL:http://ftpmaster.internal/ubuntu/pool/main/p/pam/libpam-runtime_1.5.3-7ubuntu2_all.deb [40774/40774] -> "/build/chroot//var/cache/apt/archives/partial/libpam-runtime_1.5.3-7ubuntu2_all.deb" [1]
2024-10-07 17:09:01 URL:http://ftpmaster.internal/ubuntu/pool/main/p/pam/libpam0g_1.5.3-7ubuntu2_arm64.deb [68300/68300] -> "/build/chroot//var/cache/apt/archives/partial/libpam0g_1.5.3-7ubuntu2_arm64.deb" [1]
2024-10-07 17:09:01 URL:http://ftpmaster.internal/ubuntu/pool/main/p/pcre2/libpcre2-8-0_10.42-4ubuntu3_arm64.deb [215250/215250] -> "/build/chroot//var/cache/apt/archives/partial/libpcre2-8-0_10.42-4ubuntu3_arm64.deb" [1]
2024-10-07 17:09:02 URL:http://ftpmaster.internal/ubuntu/pool/main/p/procps/libproc2-0_4.0.4-4ubuntu5_arm64.deb [58366/58366] -> "/build/chroot//var/cache/apt/archives/partial/libproc2-0_2%3a4.0.4-4ubuntu5_arm64.deb" [1]
2024-10-07 17:09:02 URL:http://ftpmaster.internal/ubuntu/pool/main/libs/libseccomp/libseccomp2_2.5.5-1ubuntu4_arm64.deb [51402/51402] -> "/build/chroot//var/cache/apt/archives/partial/libseccomp2_2.5.5-1ubuntu4_arm64.deb" [1]
2024-10-07 17:09:02 URL:http://ftpmaster.internal/ubuntu/pool/main/libs/libselinux/libselinux1_3.5-2ubuntu5_arm64.deb [80432/80432] -> "/build/chroot//var/cache/apt/archives/partial/libselinux1_3.5-2ubuntu5_arm64.deb" [1]
2024-10-07 17:09:02 URL:http://ftpmaster.internal/ubuntu/pool/main/libs/libsemanage/libsemanage-common_3.5-1build6_all.deb [10198/10198] -> "/build/chroot//var/cache/apt/archives/partial/libsemanage-common_3.5-1build6_all.deb" [1]
2024-10-07 17:09:03 URL:http://ftpmaster.internal/ubuntu/pool/main/libs/libsemanage/libsemanage2_3.5-1build6_arm64.deb [91834/91834] -> "/build/chroot//var/cache/apt/archives/partial/libsemanage2_3.5-1build6_arm64.deb" [1]
2024-10-07 17:09:03 URL:http://ftpmaster.internal/ubuntu/pool/main/libs/libsepol/libsepol2_3.7-1_arm64.deb [307590/307590] -> "/build/chroot//var/cache/apt/archives/partial/libsepol2_3.7-1_arm64.deb" [1]
2024-10-07 17:09:03 URL:http://ftpmaster.internal/ubuntu/pool/main/u/util-linux/libsmartcols1_2.40.2-1ubuntu1_arm64.deb [85488/85488] -> "/build/chroot//var/cache/apt/archives/partial/libsmartcols1_2.40.2-1ubuntu1_arm64.deb" [1]
2024-10-07 17:09:04 URL:http://ftpmaster.internal/ubuntu/pool/main/e/e2fsprogs/libss2_1.47.1-1ubuntu1_arm64.deb [17372/17372] -> "/build/chroot//var/cache/apt/archives/partial/libss2_1.47.1-1ubuntu1_arm64.deb" [1]
2024-10-07 17:09:05 URL:http://ftpmaster.internal/ubuntu/pool/main/o/openssl/libssl3t64_3.3.1-2ubuntu2_arm64.deb [2569950/2569950] -> "/build/chroot//var/cache/apt/archives/partial/libssl3t64_3.3.1-2ubuntu2_arm64.deb" [1]
2024-10-07 17:09:05 URL:http://ftpmaster.internal/ubuntu/pool/main/g/gcc-14/libstdc++6_14.2.0-4ubuntu2_arm64.deb [748908/748908] -> "/build/chroot//var/cache/apt/archives/partial/libstdc++6_14.2.0-4ubuntu2_arm64.deb" [1]
2024-10-07 17:09:06 URL:http://ftpmaster.internal/ubuntu/pool/main/s/systemd/libsystemd0_256.5-2ubuntu3_arm64.deb [445530/445530] -> "/build/chroot//var/cache/apt/archives/partial/libsystemd0_256.5-2ubuntu3_arm64.deb" [1]
2024-10-07 17:09:06 URL:http://ftpmaster.internal/ubuntu/pool/main/libt/libtasn1-6/libtasn1-6_4.19.0-3build1_arm64.deb [43080/43080] -> "/build/chroot//var/cache/apt/archives/partial/libtasn1-6_4.19.0-3build1_arm64.deb" [1]
2024-10-07 17:09:06 URL:http://ftpmaster.internal/ubuntu/pool/main/n/ncurses/libtinfo6_6.5-2_arm64.deb [104196/104196] -> "/build/chroot//var/cache/apt/archives/partial/libtinfo6_6.5-2_arm64.deb" [1]
2024-10-07 17:09:07 URL:http://ftpmaster.internal/ubuntu/pool/main/s/systemd/libudev1_256.5-2ubuntu3_arm64.deb [194292/194292] -> "/build/chroot//var/cache/apt/archives/partial/libudev1_256.5-2ubuntu3_arm64.deb" [1]
2024-10-07 17:09:07 URL:http://ftpmaster.internal/ubuntu/pool/main/libu/libunistring/libunistring5_1.2-1_arm64.deb [533326/533326] -> "/build/chroot//var/cache/apt/archives/partial/libunistring5_1.2-1_arm64.deb" [1]
2024-10-07 17:09:07 URL:http://ftpmaster.internal/ubuntu/pool/main/u/util-linux/libuuid1_2.40.2-1ubuntu1_arm64.deb [40560/40560] -> "/build/chroot//var/cache/apt/archives/partial/libuuid1_2.40.2-1ubuntu1_arm64.deb" [1]
2024-10-07 17:09:08 URL:http://ftpmaster.internal/ubuntu/pool/main/x/xxhash/libxxhash0_0.8.2-2build1_arm64.deb [21684/21684] -> "/build/chroot//var/cache/apt/archives/partial/libxxhash0_0.8.2-2build1_arm64.deb" [1]
2024-10-07 17:09:08 URL:http://ftpmaster.internal/ubuntu/pool/main/libz/libzstd/libzstd1_1.5.6+dfsg-1_arm64.deb [275494/275494] -> "/build/chroot//var/cache/apt/archives/partial/libzstd1_1.5.6+dfsg-1_arm64.deb" [1]
2024-10-07 17:09:08 URL:http://ftpmaster.internal/ubuntu/pool/main/s/shadow/login_4.15.3-3ubuntu2_arm64.deb [132072/132072] -> "/build/chroot//var/cache/apt/archives/partial/login_1%3a4.15.3-3ubuntu2_arm64.deb" [1]
2024-10-07 17:09:09 URL:http://ftpmaster.internal/ubuntu/pool/main/e/e2fsprogs/logsave_1.47.1-1ubuntu1_arm64.deb [24838/24838] -> "/build/chroot//var/cache/apt/archives/partial/logsave_1.47.1-1ubuntu1_arm64.deb" [1]
2024-10-07 17:09:09 URL:http://ftpmaster.internal/ubuntu/pool/main/m/mawk/mawk_1.3.4.20240622-2_arm64.deb [123682/123682] -> "/build/chroot//var/cache/apt/archives/partial/mawk_1.3.4.20240622-2_arm64.deb" [1]
2024-10-07 17:09:09 URL:http://ftpmaster.internal/ubuntu/pool/main/u/util-linux/mount_2.40.2-1ubuntu1_arm64.deb [135314/135314] -> "/build/chroot//var/cache/apt/archives/partial/mount_2.40.2-1ubuntu1_arm64.deb" [1]
2024-10-07 17:09:09 URL:http://ftpmaster.internal/ubuntu/pool/main/n/ncurses/ncurses-base_6.5-2_all.deb [25772/25772] -> "/build/chroot//var/cache/apt/archives/partial/ncurses-base_6.5-2_all.deb" [1]
2024-10-07 17:09:10 URL:http://ftpmaster.internal/ubuntu/pool/main/n/ncurses/ncurses-bin_6.5-2_arm64.deb [186288/186288] -> "/build/chroot//var/cache/apt/archives/partial/ncurses-bin_6.5-2_arm64.deb" [1]
2024-10-07 17:09:10 URL:http://ftpmaster.internal/ubuntu/pool/main/s/shadow/passwd_4.15.3-3ubuntu2_arm64.deb [796852/796852] -> "/build/chroot//var/cache/apt/archives/partial/passwd_1%3a4.15.3-3ubuntu2_arm64.deb" [1]
2024-10-07 17:09:11 URL:http://ftpmaster.internal/ubuntu/pool/main/p/perl/perl-base_5.38.2-5_arm64.deb [1776374/1776374] -> "/build/chroot//var/cache/apt/archives/partial/perl-base_5.38.2-5_arm64.deb" [1]
2024-10-07 17:09:12 URL:http://ftpmaster.internal/ubuntu/pool/main/p/procps/procps_4.0.4-4ubuntu5_arm64.deb [707136/707136] -> "/build/chroot//var/cache/apt/archives/partial/procps_2%3a4.0.4-4ubuntu5_arm64.deb" [1]
2024-10-07 17:09:12 URL:http://ftpmaster.internal/ubuntu/pool/main/s/sed/sed_4.9-2build1_arm64.deb [190710/190710] -> "/build/chroot//var/cache/apt/archives/partial/sed_4.9-2build1_arm64.deb" [1]
2024-10-07 17:09:13 URL:http://ftpmaster.internal/ubuntu/pool/main/s/sensible-utils/sensible-utils_0.0.24_all.deb [24846/24846] -> "/build/chroot//var/cache/apt/archives/partial/sensible-utils_0.0.24_all.deb" [1]
2024-10-07 17:09:13 URL:http://ftpmaster.internal/ubuntu/pool/main/s/sysvinit/sysvinit-utils_3.08-6ubuntu3_arm64.deb [33828/33828] -> "/build/chroot//var/cache/apt/archives/partial/sysvinit-utils_3.08-6ubuntu3_arm64.deb" [1]
2024-10-07 17:09:13 URL:http://ftpmaster.internal/ubuntu/pool/main/t/tar/tar_1.35+dfsg-3build1_arm64.deb [247906/247906] -> "/build/chroot//var/cache/apt/archives/partial/tar_1.35+dfsg-3build1_arm64.deb" [1]
2024-10-07 17:09:13 URL:http://ftpmaster.internal/ubuntu/pool/main/u/ubuntu-keyring/ubuntu-keyring_2023.11.28.1_all.deb [11124/11124] -> "/build/chroot//var/cache/apt/archives/partial/ubuntu-keyring_2023.11.28.1_all.deb" [1]
2024-10-07 17:09:14 URL:http://ftpmaster.internal/ubuntu/pool/main/u/util-linux/util-linux_2.40.2-1ubuntu1_arm64.deb [1109082/1109082] -> "/build/chroot//var/cache/apt/archives/partial/util-linux_2.40.2-1ubuntu1_arm64.deb" [1]
2024-10-07 17:09:15 URL:http://ftpmaster.internal/ubuntu/pool/main/z/zlib/zlib1g_1.3.dfsg+really1.3.1-1ubuntu1_arm64.deb [62416/62416] -> "/build/chroot//var/cache/apt/archives/partial/zlib1g_1%3a1.3.dfsg+really1.3.1-1ubuntu1_arm64.deb" [1]
gpgv: Signature made Mon Oct  7 16:49:30 2024 UTC
gpgv:                using RSA key F6ECB3762474EDA9D21B7022871920D1991BC93C
gpgv: Good signature from "Ubuntu Archive Automatic Signing Key (2018) <ftpmaster@ubuntu.com>"
dpkg: warning: parsing file '/var/lib/dpkg/status' near line 5 package 'dpkg':
 missing 'Description' field
dpkg: warning: parsing file '/var/lib/dpkg/status' near line 5 package 'dpkg':
 missing 'Architecture' field
Selecting previously unselected package base-passwd.
(Reading database ... 0 files and directories currently installed.)
Preparing to unpack .../base-passwd_3.6.4_arm64.deb ...
Unpacking base-passwd (3.6.4) ...
dpkg: base-passwd: dependency problems, but configuring anyway as you requested:
 base-passwd depends on libc6 (>= 2.34); however:
  Package libc6 is not installed.
 base-passwd depends on libdebconfclient0 (>= 0.145); however:
  Package libdebconfclient0 is not installed.
 base-passwd depends on libselinux1 (>= 3.1~); however:
  Package libselinux1 is not installed.

Setting up base-passwd (3.6.4) ...
dpkg: warning: parsing file '/var/lib/dpkg/status' near line 24 package 'dpkg':
 missing 'Description' field
dpkg: warning: parsing file '/var/lib/dpkg/status' near line 24 package 'dpkg':
 missing 'Architecture' field
Selecting previously unselected package base-files.
dpkg: regarding .../base-files_13.3ubuntu6_arm64.deb containing base-files, pre-dependency problem:
 base-files pre-depends on awk
  awk is not installed.

dpkg: warning: ignoring pre-dependency problem!
(Reading database ... 41 files and directories currently installed.)
Preparing to unpack .../base-files_13.3ubuntu6_arm64.deb ...
dpkg-divert: warning: parsing file '/var/lib/dpkg/status' near line 24 package 'dpkg':
 missing 'Description' field
dpkg-divert: warning: parsing file '/var/lib/dpkg/status' near line 24 package 'dpkg':
 missing 'Architecture' field
dpkg-divert: warning: parsing file '/var/lib/dpkg/status' near line 24 package 'dpkg':
 missing 'Description' field
dpkg-divert: warning: parsing file '/var/lib/dpkg/status' near line 24 package 'dpkg':
 missing 'Architecture' field
dpkg-divert: warning: parsing file '/var/lib/dpkg/status' near line 24 package 'dpkg':
 missing 'Description' field
dpkg-divert: warning: parsing file '/var/lib/dpkg/status' near line 24 package 'dpkg':
 missing 'Architecture' field
dpkg-divert: warning: parsing file '/var/lib/dpkg/status' near line 24 package 'dpkg':
 missing 'Description' field
dpkg-divert: warning: parsing file '/var/lib/dpkg/status' near line 24 package 'dpkg':
 missing 'Architecture' field
dpkg-divert: warning: parsing file '/var/lib/dpkg/status' near line 24 package 'dpkg':
 missing 'Description' field
dpkg-divert: warning: parsing file '/var/lib/dpkg/status' near line 24 package 'dpkg':
 missing 'Architecture' field
dpkg-divert: warning: parsing file '/var/lib/dpkg/status' near line 24 package 'dpkg':
 missing 'Description' field
dpkg-divert: warning: parsing file '/var/lib/dpkg/status' near line 24 package 'dpkg':
 missing 'Architecture' field
dpkg-divert: warning: parsing file '/var/lib/dpkg/status' near line 24 package 'dpkg':
 missing 'Description' field
dpkg-divert: warning: parsing file '/var/lib/dpkg/status' near line 24 package 'dpkg':
 missing 'Architecture' field
dpkg-divert: warning: parsing file '/var/lib/dpkg/status' near line 24 package 'dpkg':
 missing 'Description' field
dpkg-divert: warning: parsing file '/var/lib/dpkg/status' near line 24 package 'dpkg':
 missing 'Architecture' field
dpkg-divert: warning: parsing file '/var/lib/dpkg/status' near line 24 package 'dpkg':
 missing 'Description' field
dpkg-divert: warning: parsing file '/var/lib/dpkg/status' near line 24 package 'dpkg':
 missing 'Architecture' field
dpkg-divert: warning: parsing file '/var/lib/dpkg/status' near line 24 package 'dpkg':
 missing 'Description' field
dpkg-divert: warning: parsing file '/var/lib/dpkg/status' near line 24 package 'dpkg':
 missing 'Architecture' field
dpkg-divert: warning: parsing file '/var/lib/dpkg/status' near line 24 package 'dpkg':
 missing 'Description' field
dpkg-divert: warning: parsing file '/var/lib/dpkg/status' near line 24 package 'dpkg':
 missing 'Architecture' field
Unpacking base-files (13.3ubuntu6) ...
dpkg: base-files: dependency problems, but configuring anyway as you requested:
 base-files depends on awk; however:
  Package awk is not installed.
 base-files depends on libc6 (>= 2.34); however:
  Package libc6 is not installed.
 base-files depends on libcrypt1 (>= 1:4.4.10-10ubuntu3); however:
  Package libcrypt1 is not installed.

Setting up base-files (13.3ubuntu6) ...
dpkg: warning: parsing file '/var/lib/dpkg/status' near line 59 package 'dpkg':
 missing 'Description' field
dpkg: warning: parsing file '/var/lib/dpkg/status' near line 59 package 'dpkg':
 missing 'Architecture' field
dpkg: regarding .../dpkg_1.22.11ubuntu1_arm64.deb containing dpkg, pre-dependency problem:
 dpkg pre-depends on libbz2-1.0
  libbz2-1.0 is not installed.

dpkg: warning: ignoring pre-dependency problem!
dpkg: regarding .../dpkg_1.22.11ubuntu1_arm64.deb containing dpkg, pre-dependency problem:
 dpkg pre-depends on libc6 (>= 2.38)
  libc6 is not installed.

dpkg: warning: ignoring pre-dependency problem!
dpkg: regarding .../dpkg_1.22.11ubuntu1_arm64.deb containing dpkg, pre-dependency problem:
 dpkg pre-depends on liblzma5 (>= 5.4.0)
  liblzma5 is not installed.

dpkg: warning: ignoring pre-dependency problem!
dpkg: regarding .../dpkg_1.22.11ubuntu1_arm64.deb containing dpkg, pre-dependency problem:
 dpkg pre-depends on libmd0 (>= 0.0.0)
  libmd0 is not installed.

dpkg: warning: ignoring pre-dependency problem!
dpkg: regarding .../dpkg_1.22.11ubuntu1_arm64.deb containing dpkg, pre-dependency problem:
 dpkg pre-depends on libselinux1 (>= 3.1~)
  libselinux1 is not installed.

dpkg: warning: ignoring pre-dependency problem!
dpkg: regarding .../dpkg_1.22.11ubuntu1_arm64.deb containing dpkg, pre-dependency problem:
 dpkg pre-depends on libzstd1 (>= 1.5.5)
  libzstd1 is not installed.

dpkg: warning: ignoring pre-dependency problem!
dpkg: regarding .../dpkg_1.22.11ubuntu1_arm64.deb containing dpkg, pre-dependency problem:
 dpkg pre-depends on zlib1g (>= 1:1.1.4)
  zlib1g is not installed.

dpkg: warning: ignoring pre-dependency problem!
(Reading database ... 159 files and directories currently installed.)
Preparing to unpack .../dpkg_1.22.11ubuntu1_arm64.deb ...
Unpacking dpkg (1.22.11ubuntu1) over (1.22.11ubuntu1) ...
dpkg: dpkg: dependency problems, but configuring anyway as you requested:
 dpkg depends on libbz2-1.0; however:
  Package libbz2-1.0 is not installed.
 dpkg depends on libc6 (>= 2.38); however:
  Package libc6 is not installed.
 dpkg depends on liblzma5 (>= 5.4.0); however:
  Package liblzma5 is not installed.
 dpkg depends on libmd0 (>= 0.0.0); however:
  Package libmd0 is not installed.
 dpkg depends on libselinux1 (>= 3.1~); however:
  Package libselinux1 is not installed.
 dpkg depends on libzstd1 (>= 1.5.5); however:
  Package libzstd1 is not installed.
 dpkg depends on zlib1g (>= 1:1.1.4); however:
  Package zlib1g is not installed.
 dpkg depends on tar (>= 1.28-1); however:
  Package tar is not installed.

Setting up dpkg (1.22.11ubuntu1) ...
Selecting previously unselected package libc6:arm64.
(Reading database ... 437 files and directories currently installed.)
Preparing to unpack .../libc6_2.40-1ubuntu3_arm64.deb ...
Unpacking libc6:arm64 (2.40-1ubuntu3) ...
dpkg: libc6:arm64: dependency problems, but configuring anyway as you requested:
 libc6:arm64 depends on libgcc-s1; however:
  Package libgcc-s1 is not installed.

Setting up libc6:arm64 (2.40-1ubuntu3) ...
Selecting previously unselected package perl-base.
dpkg: regarding .../perl-base_5.38.2-5_arm64.deb containing perl-base, pre-dependency problem:
 perl-base pre-depends on libcrypt1 (>= 1:4.1.0)
  libcrypt1 is not installed.

dpkg: warning: ignoring pre-dependency problem!
(Reading database ... 729 files and directories currently installed.)
Preparing to unpack .../perl-base_5.38.2-5_arm64.deb ...
Unpacking perl-base (5.38.2-5) ...
dpkg: perl-base: dependency problems, but configuring anyway as you requested:
 perl-base depends on libcrypt1 (>= 1:4.1.0); however:
  Package libcrypt1 is not installed.

Setting up perl-base (5.38.2-5) ...
Selecting previously unselected package mawk.
(Reading database ... 1460 files and directories currently installed.)
Preparing to unpack .../mawk_1.3.4.20240622-2_arm64.deb ...
Unpacking mawk (1.3.4.20240622-2) ...
Setting up mawk (1.3.4.20240622-2) ...
update-alternatives: using /usr/bin/mawk to provide /usr/bin/awk (awk) in auto mode
(Reading database ... 1481 files and directories currently installed.)
Preparing to unpack .../base-files_13.3ubuntu6_arm64.deb ...
Unpacking base-files (13.3ubuntu6) over (13.3ubuntu6) ...
Preparing to unpack .../base-passwd_3.6.4_arm64.deb ...
Unpacking base-passwd (3.6.4) over (3.6.4) ...
Selecting previously unselected package bash.
dpkg: regarding .../bash_5.2.32-1ubuntu1_arm64.deb containing bash, pre-dependency problem:
 bash pre-depends on libtinfo6 (>= 6)
  libtinfo6 is not installed.

dpkg: warning: ignoring pre-dependency problem!
Preparing to unpack .../bash_5.2.32-1ubuntu1_arm64.deb ...
Unpacking bash (5.2.32-1ubuntu1) ...
Selecting previously unselected package bsdutils.
dpkg: regarding .../bsdutils_1%3a2.40.2-1ubuntu1_arm64.deb containing bsdutils, pre-dependency problem:
 bsdutils pre-depends on libsystemd0 (>= 254)
  libsystemd0 is not installed.

dpkg: warning: ignoring pre-dependency problem!
Preparing to unpack .../bsdutils_1%3a2.40.2-1ubuntu1_arm64.deb ...
Unpacking bsdutils (1:2.40.2-1ubuntu1) ...
Selecting previously unselected package coreutils.
dpkg: regarding .../coreutils_9.4-3.1ubuntu1_arm64.deb containing coreutils, pre-dependency problem:
 coreutils pre-depends on libacl1 (>= 2.2.23)
  libacl1 is not installed.

dpkg: warning: ignoring pre-dependency problem!
dpkg: regarding .../coreutils_9.4-3.1ubuntu1_arm64.deb containing coreutils, pre-dependency problem:
 coreutils pre-depends on libattr1 (>= 1:2.4.48)
  libattr1 is not installed.

dpkg: warning: ignoring pre-dependency problem!
dpkg: regarding .../coreutils_9.4-3.1ubuntu1_arm64.deb containing coreutils, pre-dependency problem:
 coreutils pre-depends on libgmp10 (>= 2:6.3.0+dfsg)
  libgmp10 is not installed.

dpkg: warning: ignoring pre-dependency problem!
dpkg: regarding .../coreutils_9.4-3.1ubuntu1_arm64.deb containing coreutils, pre-dependency problem:
 coreutils pre-depends on libselinux1 (>= 3.1~)
  libselinux1 is not installed.

dpkg: warning: ignoring pre-dependency problem!
dpkg: regarding .../coreutils_9.4-3.1ubuntu1_arm64.deb containing coreutils, pre-dependency problem:
 coreutils pre-depends on libssl3t64 (>= 3.0.0)
  libssl3t64 is not installed.

dpkg: warning: ignoring pre-dependency problem!
Preparing to unpack .../coreutils_9.4-3.1ubuntu1_arm64.deb ...
Unpacking coreutils (9.4-3.1ubuntu1) ...
Selecting previously unselected package dash.
Preparing to unpack .../dash_0.5.12-9ubuntu1_arm64.deb ...
Unpacking dash (0.5.12-9ubuntu1) ...
Selecting previously unselected package debconf.
Preparing to unpack .../debconf_1.5.86ubuntu1_all.deb ...
Unpacking debconf (1.5.86ubuntu1) ...
Selecting previously unselected package debianutils.
Preparing to unpack .../debianutils_5.20_arm64.deb ...
Unpacking debianutils (5.20) ...
Selecting previously unselected package diffutils.
Preparing to unpack .../diffutils_1%3a3.10-1build1_arm64.deb ...
Unpacking diffutils (1:3.10-1build1) ...
dpkg: regarding .../dpkg_1.22.11ubuntu1_arm64.deb containing dpkg, pre-dependency problem:
 dpkg pre-depends on libbz2-1.0
  libbz2-1.0 is not installed.

dpkg: warning: ignoring pre-dependency problem!
dpkg: regarding .../dpkg_1.22.11ubuntu1_arm64.deb containing dpkg, pre-dependency problem:
 dpkg pre-depends on liblzma5 (>= 5.4.0)
  liblzma5 is not installed.

dpkg: warning: ignoring pre-dependency problem!
dpkg: regarding .../dpkg_1.22.11ubuntu1_arm64.deb containing dpkg, pre-dependency problem:
 dpkg pre-depends on libmd0 (>= 0.0.0)
  libmd0 is not installed.

dpkg: warning: ignoring pre-dependency problem!
dpkg: regarding .../dpkg_1.22.11ubuntu1_arm64.deb containing dpkg, pre-dependency problem:
 dpkg pre-depends on libselinux1 (>= 3.1~)
  libselinux1 is not installed.

dpkg: warning: ignoring pre-dependency problem!
dpkg: regarding .../dpkg_1.22.11ubuntu1_arm64.deb containing dpkg, pre-dependency problem:
 dpkg pre-depends on libzstd1 (>= 1.5.5)
  libzstd1 is not installed.

dpkg: warning: ignoring pre-dependency problem!
dpkg: regarding .../dpkg_1.22.11ubuntu1_arm64.deb containing dpkg, pre-dependency problem:
 dpkg pre-depends on zlib1g (>= 1:1.1.4)
  zlib1g is not installed.

dpkg: warning: ignoring pre-dependency problem!
Preparing to unpack .../dpkg_1.22.11ubuntu1_arm64.deb ...
Unpacking dpkg (1.22.11ubuntu1) over (1.22.11ubuntu1) ...
Selecting previously unselected package e2fsprogs.
dpkg: regarding .../e2fsprogs_1.47.1-1ubuntu1_arm64.deb containing e2fsprogs, pre-dependency problem:
 e2fsprogs pre-depends on libblkid1 (>= 2.36)
  libblkid1 is not installed.

dpkg: warning: ignoring pre-dependency problem!
dpkg: regarding .../e2fsprogs_1.47.1-1ubuntu1_arm64.deb containing e2fsprogs, pre-dependency problem:
 e2fsprogs pre-depends on libcom-err2 (>= 1.43.9)
  libcom-err2 is not installed.

dpkg: warning: ignoring pre-dependency problem!
dpkg: regarding .../e2fsprogs_1.47.1-1ubuntu1_arm64.deb containing e2fsprogs, pre-dependency problem:
 e2fsprogs pre-depends on libext2fs2t64 (= 1.47.1-1ubuntu1)
  libext2fs2t64 is not installed.

dpkg: warning: ignoring pre-dependency problem!
dpkg: regarding .../e2fsprogs_1.47.1-1ubuntu1_arm64.deb containing e2fsprogs, pre-dependency problem:
 e2fsprogs pre-depends on libss2 (>= 1.38)
  libss2 is not installed.

dpkg: warning: ignoring pre-dependency problem!
dpkg: regarding .../e2fsprogs_1.47.1-1ubuntu1_arm64.deb containing e2fsprogs, pre-dependency problem:
 e2fsprogs pre-depends on libuuid1 (>= 2.16)
  libuuid1 is not installed.

dpkg: warning: ignoring pre-dependency problem!
Preparing to unpack .../e2fsprogs_1.47.1-1ubuntu1_arm64.deb ...
Unpacking e2fsprogs (1.47.1-1ubuntu1) ...
Selecting previously unselected package findutils.
dpkg: regarding .../findutils_4.10.0-3_arm64.deb containing findutils, pre-dependency problem:
 findutils pre-depends on libselinux1 (>= 3.1~)
  libselinux1 is not installed.

dpkg: warning: ignoring pre-dependency problem!
Preparing to unpack .../findutils_4.10.0-3_arm64.deb ...
Unpacking findutils (4.10.0-3) ...
Selecting previously unselected package gcc-14-base:arm64.
Preparing to unpack .../gcc-14-base_14.2.0-4ubuntu2_arm64.deb ...
Unpacking gcc-14-base:arm64 (14.2.0-4ubuntu2) ...
Selecting previously unselected package grep.
dpkg: regarding .../grep_3.11-4build1_arm64.deb containing grep, pre-dependency problem:
 grep pre-depends on libpcre2-8-0 (>= 10.32)
  libpcre2-8-0 is not installed.

dpkg: warning: ignoring pre-dependency problem!
Preparing to unpack .../grep_3.11-4build1_arm64.deb ...
Unpacking grep (3.11-4build1) ...
Selecting previously unselected package gzip.
Preparing to unpack .../gzip_1.12-1.1ubuntu1_arm64.deb ...
Unpacking gzip (1.12-1.1ubuntu1) ...
Selecting previously unselected package hostname.
Preparing to unpack .../hostname_3.23+nmu2ubuntu2_arm64.deb ...
Unpacking hostname (3.23+nmu2ubuntu2) ...
Selecting previously unselected package init-system-helpers.
Preparing to unpack .../init-system-helpers_1.66ubuntu1_all.deb ...
Unpacking init-system-helpers (1.66ubuntu1) ...
Selecting previously unselected package libacl1:arm64.
Preparing to unpack .../libacl1_2.3.2-2_arm64.deb ...
Unpacking libacl1:arm64 (2.3.2-2) ...
Selecting previously unselected package libattr1:arm64.
Preparing to unpack .../libattr1_1%3a2.5.2-1build2_arm64.deb ...
Unpacking libattr1:arm64 (1:2.5.2-1build2) ...
Selecting previously unselected package libaudit-common.
Preparing to unpack .../libaudit-common_1%3a4.0.1-1ubuntu2_all.deb ...
Unpacking libaudit-common (1:4.0.1-1ubuntu2) ...
Selecting previously unselected package libaudit1:arm64.
Preparing to unpack .../libaudit1_1%3a4.0.1-1ubuntu2_arm64.deb ...
Unpacking libaudit1:arm64 (1:4.0.1-1ubuntu2) ...
Selecting previously unselected package libblkid1:arm64.
Preparing to unpack .../libblkid1_2.40.2-1ubuntu1_arm64.deb ...
Unpacking libblkid1:arm64 (2.40.2-1ubuntu1) ...
Selecting previously unselected package libbsd0:arm64.
Preparing to unpack .../libbsd0_0.12.2-1_arm64.deb ...
Unpacking libbsd0:arm64 (0.12.2-1) ...
Selecting previously unselected package libbz2-1.0:arm64.
Preparing to unpack .../libbz2-1.0_1.0.8-6_arm64.deb ...
Unpacking libbz2-1.0:arm64 (1.0.8-6) ...
Selecting previously unselected package libc-bin.
Preparing to unpack .../libc-bin_2.40-1ubuntu3_arm64.deb ...
Unpacking libc-bin (2.40-1ubuntu3) ...
Preparing to unpack .../libc6_2.40-1ubuntu3_arm64.deb ...
Unpacking libc6:arm64 (2.40-1ubuntu3) over (2.40-1ubuntu3) ...
Selecting previously unselected package libcap-ng0:arm64.
Preparing to unpack .../libcap-ng0_0.8.5-1_arm64.deb ...
Unpacking libcap-ng0:arm64 (0.8.5-1) ...
Selecting previously unselected package libcap2:arm64.
Preparing to unpack .../libcap2_1%3a2.66-5ubuntu3_arm64.deb ...
Unpacking libcap2:arm64 (1:2.66-5ubuntu3) ...
Selecting previously unselected package libcom-err2:arm64.
Preparing to unpack .../libcom-err2_1.47.1-1ubuntu1_arm64.deb ...
Unpacking libcom-err2:arm64 (1.47.1-1ubuntu1) ...
Selecting previously unselected package libcrypt1:arm64.
Preparing to unpack .../libcrypt1_1%3a4.4.36-4build1_arm64.deb ...
Unpacking libcrypt1:arm64 (1:4.4.36-4build1) ...
Selecting previously unselected package libdb5.3t64:arm64.
Preparing to unpack .../libdb5.3t64_5.3.28+dfsg2-7_arm64.deb ...
Unpacking libdb5.3t64:arm64 (5.3.28+dfsg2-7) ...
Selecting previously unselected package libdebconfclient0:arm64.
Preparing to unpack .../libdebconfclient0_0.272ubuntu1_arm64.deb ...
Unpacking libdebconfclient0:arm64 (0.272ubuntu1) ...
Selecting previously unselected package libext2fs2t64:arm64.
Preparing to unpack .../libext2fs2t64_1.47.1-1ubuntu1_arm64.deb ...
Adding 'diversion of /lib/aarch64-linux-gnu/libe2p.so.2 to /lib/aarch64-linux-gnu/libe2p.so.2.usr-is-merged by libext2fs2t64'
Adding 'diversion of /lib/aarch64-linux-gnu/libe2p.so.2.3 to /lib/aarch64-linux-gnu/libe2p.so.2.3.usr-is-merged by libext2fs2t64'
Adding 'diversion of /lib/aarch64-linux-gnu/libext2fs.so.2 to /lib/aarch64-linux-gnu/libext2fs.so.2.usr-is-merged by libext2fs2t64'
Adding 'diversion of /lib/aarch64-linux-gnu/libext2fs.so.2.4 to /lib/aarch64-linux-gnu/libext2fs.so.2.4.usr-is-merged by libext2fs2t64'
Unpacking libext2fs2t64:arm64 (1.47.1-1ubuntu1) ...
Selecting previously unselected package libgcc-s1:arm64.
Preparing to unpack .../libgcc-s1_14.2.0-4ubuntu2_arm64.deb ...
Unpacking libgcc-s1:arm64 (14.2.0-4ubuntu2) ...
Selecting previously unselected package libgmp10:arm64.
Preparing to unpack .../libgmp10_2%3a6.3.0+dfsg-2ubuntu7_arm64.deb ...
Unpacking libgmp10:arm64 (2:6.3.0+dfsg-2ubuntu7) ...
Selecting previously unselected package liblzma5:arm64.
Preparing to unpack .../liblzma5_5.6.2-2_arm64.deb ...
Unpacking liblzma5:arm64 (5.6.2-2) ...
Selecting previously unselected package libmd0:arm64.
Preparing to unpack .../libmd0_1.1.0-2build2_arm64.deb ...
Unpacking libmd0:arm64 (1.1.0-2build2) ...
Selecting previously unselected package libmount1:arm64.
Preparing to unpack .../libmount1_2.40.2-1ubuntu1_arm64.deb ...
Unpacking libmount1:arm64 (2.40.2-1ubuntu1) ...
Selecting previously unselected package libncursesw6:arm64.
Preparing to unpack .../libncursesw6_6.5-2_arm64.deb ...
Unpacking libncursesw6:arm64 (6.5-2) ...
Selecting previously unselected package libpam-modules:arm64.
dpkg: regarding .../libpam-modules_1.5.3-7ubuntu2_arm64.deb containing libpam-modules:arm64, pre-dependency problem:
 libpam-modules pre-depends on libaudit1 (>= 1:2.2.1)
  libaudit1:arm64 is unpacked, but has never been configured.

dpkg: warning: ignoring pre-dependency problem!
dpkg: regarding .../libpam-modules_1.5.3-7ubuntu2_arm64.deb containing libpam-modules:arm64, pre-dependency problem:
 libpam-modules pre-depends on libcrypt1 (>= 1:4.3.0)
  libcrypt1:arm64 is unpacked, but has never been configured.

dpkg: warning: ignoring pre-dependency problem!
dpkg: regarding .../libpam-modules_1.5.3-7ubuntu2_arm64.deb containing libpam-modules:arm64, pre-dependency problem:
 libpam-modules pre-depends on libdb5.3t64
  libdb5.3t64:arm64 is unpacked, but has never been configured.

dpkg: warning: ignoring pre-dependency problem!
dpkg: regarding .../libpam-modules_1.5.3-7ubuntu2_arm64.deb containing libpam-modules:arm64, pre-dependency problem:
 libpam-modules pre-depends on libpam0g (>= 1.4.1)
  libpam0g is not installed.

dpkg: warning: ignoring pre-dependency problem!
dpkg: regarding .../libpam-modules_1.5.3-7ubuntu2_arm64.deb containing libpam-modules:arm64, pre-dependency problem:
 libpam-modules pre-depends on libselinux1 (>= 3.1~)
  libselinux1 is not installed.

dpkg: warning: ignoring pre-dependency problem!
dpkg: regarding .../libpam-modules_1.5.3-7ubuntu2_arm64.deb containing libpam-modules:arm64, pre-dependency problem:
 libpam-modules pre-depends on libsystemd0
  libsystemd0 is not installed.

dpkg: warning: ignoring pre-dependency problem!
dpkg: regarding .../libpam-modules_1.5.3-7ubuntu2_arm64.deb containing libpam-modules:arm64, pre-dependency problem:
 libpam-modules pre-depends on debconf (>= 0.5) | debconf-2.0
  debconf is unpacked, but has never been configured.
  debconf provides debconf-2.0 but is unpacked but not configured.

dpkg: warning: ignoring pre-dependency problem!
dpkg: regarding .../libpam-modules_1.5.3-7ubuntu2_arm64.deb containing libpam-modules:arm64, pre-dependency problem:
 libpam-modules pre-depends on libpam-modules-bin (= 1.5.3-7ubuntu2)
  libpam-modules-bin is not installed.

dpkg: warning: ignoring pre-dependency problem!
Preparing to unpack .../libpam-modules_1.5.3-7ubuntu2_arm64.deb ...
Unpacking libpam-modules:arm64 (1.5.3-7ubuntu2) ...
Selecting previously unselected package libpam-modules-bin.
Preparing to unpack .../libpam-modules-bin_1.5.3-7ubuntu2_arm64.deb ...
Unpacking libpam-modules-bin (1.5.3-7ubuntu2) ...
Selecting previously unselected package libpam-runtime.
Preparing to unpack .../libpam-runtime_1.5.3-7ubuntu2_all.deb ...
Unpacking libpam-runtime (1.5.3-7ubuntu2) ...
Selecting previously unselected package libpam0g:arm64.
Preparing to unpack .../libpam0g_1.5.3-7ubuntu2_arm64.deb ...
Unpacking libpam0g:arm64 (1.5.3-7ubuntu2) ...
Selecting previously unselected package libpcre2-8-0:arm64.
Preparing to unpack .../libpcre2-8-0_10.42-4ubuntu3_arm64.deb ...
Unpacking libpcre2-8-0:arm64 (10.42-4ubuntu3) ...
Selecting previously unselected package libproc2-0:arm64.
Preparing to unpack .../libproc2-0_2%3a4.0.4-4ubuntu5_arm64.deb ...
Unpacking libproc2-0:arm64 (2:4.0.4-4ubuntu5) ...
Selecting previously unselected package libselinux1:arm64.
Preparing to unpack .../libselinux1_3.5-2ubuntu5_arm64.deb ...
Unpacking libselinux1:arm64 (3.5-2ubuntu5) ...
Selecting previously unselected package libsemanage-common.
Preparing to unpack .../libsemanage-common_3.5-1build6_all.deb ...
Unpacking libsemanage-common (3.5-1build6) ...
Selecting previously unselected package libsemanage2:arm64.
Preparing to unpack .../libsemanage2_3.5-1build6_arm64.deb ...
Unpacking libsemanage2:arm64 (3.5-1build6) ...
Selecting previously unselected package libsepol2:arm64.
Preparing to unpack .../libsepol2_3.7-1_arm64.deb ...
Unpacking libsepol2:arm64 (3.7-1) ...
Selecting previously unselected package libsmartcols1:arm64.
Preparing to unpack .../libsmartcols1_2.40.2-1ubuntu1_arm64.deb ...
Unpacking libsmartcols1:arm64 (2.40.2-1ubuntu1) ...
Selecting previously unselected package libss2:arm64.
Preparing to unpack .../libss2_1.47.1-1ubuntu1_arm64.deb ...
Unpacking libss2:arm64 (1.47.1-1ubuntu1) ...
Selecting previously unselected package libssl3t64:arm64.
Preparing to unpack .../libssl3t64_3.3.1-2ubuntu2_arm64.deb ...
Unpacking libssl3t64:arm64 (3.3.1-2ubuntu2) ...
Selecting previously unselected package libsystemd0:arm64.
Preparing to unpack .../libsystemd0_256.5-2ubuntu3_arm64.deb ...
Unpacking libsystemd0:arm64 (256.5-2ubuntu3) ...
Selecting previously unselected package libtinfo6:arm64.
Preparing to unpack .../libtinfo6_6.5-2_arm64.deb ...
Unpacking libtinfo6:arm64 (6.5-2) ...
Selecting previously unselected package libudev1:arm64.
Preparing to unpack .../libudev1_256.5-2ubuntu3_arm64.deb ...
Unpacking libudev1:arm64 (256.5-2ubuntu3) ...
Selecting previously unselected package libuuid1:arm64.
Preparing to unpack .../libuuid1_2.40.2-1ubuntu1_arm64.deb ...
Unpacking libuuid1:arm64 (2.40.2-1ubuntu1) ...
Selecting previously unselected package libzstd1:arm64.
Preparing to unpack .../libzstd1_1.5.6+dfsg-1_arm64.deb ...
Unpacking libzstd1:arm64 (1.5.6+dfsg-1) ...
Selecting previously unselected package login.
Preparing to unpack .../login_1%3a4.15.3-3ubuntu2_arm64.deb ...
Unpacking login (1:4.15.3-3ubuntu2) ...
Selecting previously unselected package logsave.
Preparing to unpack .../logsave_1.47.1-1ubuntu1_arm64.deb ...
Unpacking logsave (1.47.1-1ubuntu1) ...
Preparing to unpack .../mawk_1.3.4.20240622-2_arm64.deb ...
Unpacking mawk (1.3.4.20240622-2) over (1.3.4.20240622-2) ...
Selecting previously unselected package mount.
dpkg: regarding .../mount_2.40.2-1ubuntu1_arm64.deb containing mount, pre-dependency problem:
 mount pre-depends on libblkid1 (= 2.40.2-1ubuntu1)
  libblkid1:arm64 is unpacked, but has never been configured.

dpkg: warning: ignoring pre-dependency problem!
dpkg: regarding .../mount_2.40.2-1ubuntu1_arm64.deb containing mount, pre-dependency problem:
 mount pre-depends on libmount1 (= 2.40.2-1ubuntu1)
  libmount1:arm64 is unpacked, but has never been configured.

dpkg: warning: ignoring pre-dependency problem!
dpkg: regarding .../mount_2.40.2-1ubuntu1_arm64.deb containing mount, pre-dependency problem:
 mount pre-depends on libselinux1 (>= 3.1~)
  libselinux1:arm64 is unpacked, but has never been configured.

dpkg: warning: ignoring pre-dependency problem!
dpkg: regarding .../mount_2.40.2-1ubuntu1_arm64.deb containing mount, pre-dependency problem:
 mount pre-depends on libsmartcols1 (= 2.40.2-1ubuntu1)
  libsmartcols1:arm64 is unpacked, but has never been configured.

dpkg: warning: ignoring pre-dependency problem!
Preparing to unpack .../mount_2.40.2-1ubuntu1_arm64.deb ...
Unpacking mount (2.40.2-1ubuntu1) ...
Selecting previously unselected package ncurses-base.
Preparing to unpack .../ncurses-base_6.5-2_all.deb ...
Unpacking ncurses-base (6.5-2) ...
Selecting previously unselected package ncurses-bin.
dpkg: regarding .../ncurses-bin_6.5-2_arm64.deb containing ncurses-bin, pre-dependency problem:
 ncurses-bin pre-depends on libtinfo6 (>= 6.4+20230603)
  libtinfo6:arm64 is unpacked, but has never been configured.

dpkg: warning: ignoring pre-dependency problem!
Preparing to unpack .../ncurses-bin_6.5-2_arm64.deb ...
Unpacking ncurses-bin (6.5-2) ...
Selecting previously unselected package passwd.
Preparing to unpack .../passwd_1%3a4.15.3-3ubuntu2_arm64.deb ...
Unpacking passwd (1:4.15.3-3ubuntu2) ...
dpkg: regarding .../perl-base_5.38.2-5_arm64.deb containing perl-base, pre-dependency problem:
 perl-base pre-depends on libcrypt1 (>= 1:4.1.0)
  libcrypt1:arm64 is unpacked, but has never been configured.

dpkg: warning: ignoring pre-dependency problem!
Preparing to unpack .../perl-base_5.38.2-5_arm64.deb ...
Unpacking perl-base (5.38.2-5) over (5.38.2-5) ...
Selecting previously unselected package procps.
Preparing to unpack .../procps_2%3a4.0.4-4ubuntu5_arm64.deb ...
Unpacking procps (2:4.0.4-4ubuntu5) ...
Selecting previously unselected package sed.
dpkg: regarding .../sed_4.9-2build1_arm64.deb containing sed, pre-dependency problem:
 sed pre-depends on libacl1 (>= 2.2.23)
  libacl1:arm64 is unpacked, but has never been configured.

dpkg: warning: ignoring pre-dependency problem!
dpkg: regarding .../sed_4.9-2build1_arm64.deb containing sed, pre-dependency problem:
 sed pre-depends on libselinux1 (>= 3.1~)
  libselinux1:arm64 is unpacked, but has never been configured.

dpkg: warning: ignoring pre-dependency problem!
Preparing to unpack .../sed_4.9-2build1_arm64.deb ...
Unpacking sed (4.9-2build1) ...
Selecting previously unselected package sensible-utils.
Preparing to unpack .../sensible-utils_0.0.24_all.deb ...
Unpacking sensible-utils (0.0.24) ...
Selecting previously unselected package sysvinit-utils.
Preparing to unpack .../sysvinit-utils_3.08-6ubuntu3_arm64.deb ...
Unpacking sysvinit-utils (3.08-6ubuntu3) ...
Selecting previously unselected package tar.
dpkg: regarding .../tar_1.35+dfsg-3build1_arm64.deb containing tar, pre-dependency problem:
 tar pre-depends on libacl1 (>= 2.2.23)
  libacl1:arm64 is unpacked, but has never been configured.

dpkg: warning: ignoring pre-dependency problem!
dpkg: regarding .../tar_1.35+dfsg-3build1_arm64.deb containing tar, pre-dependency problem:
 tar pre-depends on libselinux1 (>= 3.1~)
  libselinux1:arm64 is unpacked, but has never been configured.

dpkg: warning: ignoring pre-dependency problem!
Preparing to unpack .../tar_1.35+dfsg-3build1_arm64.deb ...
Unpacking tar (1.35+dfsg-3build1) ...
Selecting previously unselected package util-linux.
dpkg: regarding .../util-linux_2.40.2-1ubuntu1_arm64.deb containing util-linux, pre-dependency problem:
 util-linux pre-depends on libpam-modules
  libpam-modules:arm64 is unpacked, but has never been configured.

dpkg: warning: ignoring pre-dependency problem!
dpkg: regarding .../util-linux_2.40.2-1ubuntu1_arm64.deb containing util-linux, pre-dependency problem:
 util-linux pre-depends on libpam-runtime
  libpam-runtime is unpacked, but has never been configured.

dpkg: warning: ignoring pre-dependency problem!
dpkg: regarding .../util-linux_2.40.2-1ubuntu1_arm64.deb containing util-linux, pre-dependency problem:
 util-linux pre-depends on libblkid1 (= 2.40.2-1ubuntu1)
  libblkid1:arm64 is unpacked, but has never been configured.

dpkg: warning: ignoring pre-dependency problem!
dpkg: regarding .../util-linux_2.40.2-1ubuntu1_arm64.deb containing util-linux, pre-dependency problem:
 util-linux pre-depends on libcap-ng0 (>= 0.7.9)
  libcap-ng0:arm64 is unpacked, but has never been configured.

dpkg: warning: ignoring pre-dependency problem!
dpkg: regarding .../util-linux_2.40.2-1ubuntu1_arm64.deb containing util-linux, pre-dependency problem:
 util-linux pre-depends on libcrypt1 (>= 1:4.1.0)
  libcrypt1:arm64 is unpacked, but has never been configured.

dpkg: warning: ignoring pre-dependency problem!
dpkg: regarding .../util-linux_2.40.2-1ubuntu1_arm64.deb containing util-linux, pre-dependency problem:
 util-linux pre-depends on libmount1 (= 2.40.2-1ubuntu1)
  libmount1:arm64 is unpacked, but has never been configured.

dpkg: warning: ignoring pre-dependency problem!
dpkg: regarding .../util-linux_2.40.2-1ubuntu1_arm64.deb containing util-linux, pre-dependency problem:
 util-linux pre-depends on libpam0g (>= 0.99.7.1)
  libpam0g:arm64 is unpacked, but has never been configured.

dpkg: warning: ignoring pre-dependency problem!
dpkg: regarding .../util-linux_2.40.2-1ubuntu1_arm64.deb containing util-linux, pre-dependency problem:
 util-linux pre-depends on libselinux1 (>= 3.1~)
  libselinux1:arm64 is unpacked, but has never been configured.

dpkg: warning: ignoring pre-dependency problem!
dpkg: regarding .../util-linux_2.40.2-1ubuntu1_arm64.deb containing util-linux, pre-dependency problem:
 util-linux pre-depends on libsmartcols1 (= 2.40.2-1ubuntu1)
  libsmartcols1:arm64 is unpacked, but has never been configured.

dpkg: warning: ignoring pre-dependency problem!
dpkg: regarding .../util-linux_2.40.2-1ubuntu1_arm64.deb containing util-linux, pre-dependency problem:
 util-linux pre-depends on libsystemd0
  libsystemd0:arm64 is unpacked, but has never been configured.

dpkg: warning: ignoring pre-dependency problem!
dpkg: regarding .../util-linux_2.40.2-1ubuntu1_arm64.deb containing util-linux, pre-dependency problem:
 util-linux pre-depends on libtinfo6 (>= 6)
  libtinfo6:arm64 is unpacked, but has never been configured.

dpkg: warning: ignoring pre-dependency problem!
dpkg: regarding .../util-linux_2.40.2-1ubuntu1_arm64.deb containing util-linux, pre-dependency problem:
 util-linux pre-depends on libudev1 (>= 183)
  libudev1:arm64 is unpacked, but has never been configured.

dpkg: warning: ignoring pre-dependency problem!
dpkg: regarding .../util-linux_2.40.2-1ubuntu1_arm64.deb containing util-linux, pre-dependency problem:
 util-linux pre-depends on libuuid1 (= 2.40.2-1ubuntu1)
  libuuid1:arm64 is unpacked, but has never been configured.

dpkg: warning: ignoring pre-dependency problem!
Preparing to unpack .../util-linux_2.40.2-1ubuntu1_arm64.deb ...
Unpacking util-linux (2.40.2-1ubuntu1) ...
Selecting previously unselected package zlib1g:arm64.
Preparing to unpack .../zlib1g_1%3a1.3.dfsg+really1.3.1-1ubuntu1_arm64.deb ...
Unpacking zlib1g:arm64 (1:1.3.dfsg+really1.3.1-1ubuntu1) ...
Setting up gcc-14-base:arm64 (14.2.0-4ubuntu2) ...
Setting up libaudit-common (1:4.0.1-1ubuntu2) ...
Setting up libsemanage-common (3.5-1build6) ...
Setting up debconf (1.5.86ubuntu1) ...
Setting up ncurses-base (6.5-2) ...
Setting up init-system-helpers (1.66ubuntu1) ...
Setting up sensible-utils (0.0.24) ...
Setting up libgcc-s1:arm64 (14.2.0-4ubuntu2) ...
Setting up libc6:arm64 (2.40-1ubuntu3) ...
Setting up libdb5.3t64:arm64 (5.3.28+dfsg2-7) ...
Setting up libmd0:arm64 (1.1.0-2build2) ...
Setting up libattr1:arm64 (1:2.5.2-1build2) ...
Setting up sysvinit-utils (3.08-6ubuntu3) ...
Setting up libext2fs2t64:arm64 (1.47.1-1ubuntu1) ...
Setting up debianutils (5.20) ...
update-alternatives: using /usr/bin/which.debianutils to provide /usr/bin/which (which) in auto mode
Setting up mawk (1.3.4.20240622-2) ...
Setting up libdebconfclient0:arm64 (0.272ubuntu1) ...
Setting up libbz2-1.0:arm64 (1.0.8-6) ...
Setting up libbsd0:arm64 (0.12.2-1) ...
Setting up libblkid1:arm64 (2.40.2-1ubuntu1) ...
Setting up dash (0.5.12-9ubuntu1) ...
Setting up libtinfo6:arm64 (6.5-2) ...
Setting up libzstd1:arm64 (1.5.6+dfsg-1) ...
Setting up liblzma5:arm64 (5.6.2-2) ...
Setting up libc-bin (2.40-1ubuntu3) ...
Setting up ncurses-bin (6.5-2) ...
Setting up libacl1:arm64 (2.3.2-2) ...
Setting up libsmartcols1:arm64 (2.40.2-1ubuntu1) ...
Setting up zlib1g:arm64 (1:1.3.dfsg+really1.3.1-1ubuntu1) ...
Setting up libcrypt1:arm64 (1:4.4.36-4build1) ...
Setting up libcom-err2:arm64 (1.47.1-1ubuntu1) ...
Setting up diffutils (1:3.10-1build1) ...
Setting up libcap2:arm64 (1:2.66-5ubuntu3) ...
Setting up hostname (3.23+nmu2ubuntu2) ...
Setting up libcap-ng0:arm64 (0.8.5-1) ...
Setting up libgmp10:arm64 (2:6.3.0+dfsg-2ubuntu7) ...
Setting up libaudit1:arm64 (1:4.0.1-1ubuntu2) ...
Setting up libuuid1:arm64 (2.40.2-1ubuntu1) ...
Setting up libss2:arm64 (1.47.1-1ubuntu1) ...
Setting up libsepol2:arm64 (3.7-1) ...
Setting up libpcre2-8-0:arm64 (10.42-4ubuntu3) ...
Setting up libncursesw6:arm64 (6.5-2) ...
Setting up logsave (1.47.1-1ubuntu1) ...
Setting up libudev1:arm64 (256.5-2ubuntu3) ...
Setting up base-files (13.3ubuntu6) ...
Setting up bash (5.2.32-1ubuntu1) ...
update-alternatives: using /usr/share/man/man7/bash-builtins.7.gz to provide /usr/share/man/man7/builtins.7.gz (builtins.7.gz) in auto mode
Setting up grep (3.11-4build1) ...
Setting up libssl3t64:arm64 (3.3.1-2ubuntu2) ...
Setting up e2fsprogs (1.47.1-1ubuntu1) ...
Setting up libsystemd0:arm64 (256.5-2ubuntu3) ...
Setting up libselinux1:arm64 (3.5-2ubuntu5) ...
Setting up libpam0g:arm64 (1.5.3-7ubuntu2) ...
Setting up sed (4.9-2build1) ...
Setting up libproc2-0:arm64 (2:4.0.4-4ubuntu5) ...
Setting up findutils (4.10.0-3) ...
Setting up libmount1:arm64 (2.40.2-1ubuntu1) ...
Setting up procps (2:4.0.4-4ubuntu5) ...
Setting up libsemanage2:arm64 (3.5-1build6) ...
Setting up base-passwd (3.6.4) ...
Setting up bsdutils (1:2.40.2-1ubuntu1) ...
Setting up tar (1.35+dfsg-3build1) ...
update-alternatives: using /usr/sbin/rmt-tar to provide /usr/sbin/rmt (rmt) in auto mode
Setting up libpam-modules-bin (1.5.3-7ubuntu2) ...
Setting up coreutils (9.4-3.1ubuntu1) ...
Setting up dpkg (1.22.11ubuntu1) ...
Setting up mount (2.40.2-1ubuntu1) ...
Setting up libpam-modules:arm64 (1.5.3-7ubuntu2) ...
Setting up perl-base (5.38.2-5) ...
Setting up gzip (1.12-1.1ubuntu1) ...
Setting up libpam-runtime (1.5.3-7ubuntu2) ...
Setting up login (1:4.15.3-3ubuntu2) ...
Setting up util-linux (2.40.2-1ubuntu1) ...
update-alternatives: using /bin/more to provide /usr/bin/pager (pager) in auto mode
Setting up passwd (1:4.15.3-3ubuntu2) ...
Shadow passwords are now on.
Processing triggers for libc-bin (2.40-1ubuntu3) ...
(Reading database ... 3886 files and directories currently installed.)
Preparing to unpack .../archives/apt_2.9.8_arm64.deb ...
Unpacking apt (2.9.8) ...
Preparing to unpack .../gpgv_2.4.4-2ubuntu18_arm64.deb ...
Unpacking gpgv (2.4.4-2ubuntu18) ...
Preparing to unpack .../libapt-pkg6.0t64_2.9.8_arm64.deb ...
Unpacking libapt-pkg6.0t64:arm64 (2.9.8) ...
Preparing to unpack .../libassuan0_2.5.6-1build1_arm64.deb ...
Unpacking libassuan0:arm64 (2.5.6-1build1) ...
Preparing to unpack .../libffi8_3.4.6-1build1_arm64.deb ...
Unpacking libffi8:arm64 (3.4.6-1build1) ...
Preparing to unpack .../libgcrypt20_1.11.0-6ubuntu1_arm64.deb ...
Unpacking libgcrypt20:arm64 (1.11.0-6ubuntu1) ...
Preparing to unpack .../libgnutls30t64_3.8.6-2ubuntu1_arm64.deb ...
Unpacking libgnutls30t64:arm64 (3.8.6-2ubuntu1) ...
Preparing to unpack .../libgpg-error0_1.50-4_arm64.deb ...
Unpacking libgpg-error0:arm64 (1.50-4) ...
Preparing to unpack .../libhogweed6t64_3.10-1_arm64.deb ...
Unpacking libhogweed6t64:arm64 (3.10-1) ...
Preparing to unpack .../libidn2-0_2.3.7-2build2_arm64.deb ...
Unpacking libidn2-0:arm64 (2.3.7-2build2) ...
Preparing to unpack .../liblz4-1_1.9.4-3_arm64.deb ...
Unpacking liblz4-1:arm64 (1.9.4-3) ...
Preparing to unpack .../libnettle8t64_3.10-1_arm64.deb ...
Unpacking libnettle8t64:arm64 (3.10-1) ...
Preparing to unpack .../libnpth0t64_1.6-3.1build1_arm64.deb ...
Unpacking libnpth0t64:arm64 (1.6-3.1build1) ...
Preparing to unpack .../libp11-kit0_0.25.5-2ubuntu1_arm64.deb ...
Unpacking libp11-kit0:arm64 (0.25.5-2ubuntu1) ...
Preparing to unpack .../libseccomp2_2.5.5-1ubuntu4_arm64.deb ...
Unpacking libseccomp2:arm64 (2.5.5-1ubuntu4) ...
Preparing to unpack .../libstdc++6_14.2.0-4ubuntu2_arm64.deb ...
Unpacking libstdc++6:arm64 (14.2.0-4ubuntu2) ...
Preparing to unpack .../libtasn1-6_4.19.0-3build1_arm64.deb ...
Unpacking libtasn1-6:arm64 (4.19.0-3build1) ...
Preparing to unpack .../libunistring5_1.2-1_arm64.deb ...
Unpacking libunistring5:arm64 (1.2-1) ...
Preparing to unpack .../libxxhash0_0.8.2-2build1_arm64.deb ...
Unpacking libxxhash0:arm64 (0.8.2-2build1) ...
Preparing to unpack .../ubuntu-keyring_2023.11.28.1_all.deb ...
Unpacking ubuntu-keyring (2023.11.28.1) ...
Processing triggers for libc-bin (2.40-1ubuntu3) ...
Setting up libnpth0t64:arm64 (1.6-3.1build1) ...
Setting up libgpg-error0:arm64 (1.50-4) ...
Setting up libgcrypt20:arm64 (1.11.0-6ubuntu1) ...
Setting up libassuan0:arm64 (2.5.6-1build1) ...
Setting up ubuntu-keyring (2023.11.28.1) ...
Setting up libseccomp2:arm64 (2.5.5-1ubuntu4) ...
Setting up libnettle8t64:arm64 (3.10-1) ...
Setting up libunistring5:arm64 (1.2-1) ...
Setting up libffi8:arm64 (3.4.6-1build1) ...
Setting up libhogweed6t64:arm64 (3.10-1) ...
Setting up gpgv (2.4.4-2ubuntu18) ...
Setting up libxxhash0:arm64 (0.8.2-2build1) ...
Setting up libtasn1-6:arm64 (4.19.0-3build1) ...
Setting up libstdc++6:arm64 (14.2.0-4ubuntu2) ...
Setting up liblz4-1:arm64 (1.9.4-3) ...
Setting up libidn2-0:arm64 (2.3.7-2build2) ...
Setting up libp11-kit0:arm64 (0.25.5-2ubuntu1) ...
Setting up libapt-pkg6.0t64:arm64 (2.9.8) ...
Setting up libgnutls30t64:arm64 (3.8.6-2ubuntu1) ...
Setting up apt (2.9.8) ...
Processing triggers for libc-bin (2.40-1ubuntu3) ...
